<?xml version="1.0" encoding="UTF-8"?>
<testng-results ignored="0" total="1" passed="1" failed="0" skipped="0">
  <reporter-output>
  </reporter-output>
  <suite started-at="2022-08-15T16:19:33 IST" name="Default suite" finished-at="2022-08-15T16:20:00 IST" duration-ms="27487">
    <groups>
    </groups>
    <test started-at="2022-08-15T16:19:33 IST" name="Default test" finished-at="2022-08-15T16:20:00 IST" duration-ms="27487">
      <class name="com.RCRM.tests.undrosTest">
        <test-method is-config="true" signature="startTest()[pri:0, instance:com.RCRM.tests.undrosTest@78aab498]" started-at="2022-08-15T16:19:33 IST" name="startTest" finished-at="2022-08-15T16:19:33 IST" duration-ms="357" status="PASS">
          <reporter-output>
          </reporter-output>
        </test-method> <!-- startTest -->
        <test-method is-config="true" signature="launch()[pri:0, instance:com.RCRM.tests.undrosTest@78aab498]" started-at="2022-08-15T16:19:33 IST" name="launch" finished-at="2022-08-15T16:19:41 IST" duration-ms="7619" status="PASS">
          <reporter-output>
          </reporter-output>
        </test-method> <!-- launch -->
        <test-method signature="Recharge()[pri:0, instance:com.RCRM.tests.undrosTest@78aab498]" started-at="2022-08-15T16:19:41 IST" name="Recharge" finished-at="2022-08-15T16:19:59 IST" duration-ms="18814" status="PASS">
          <reporter-output>
          </reporter-output>
        </test-method> <!-- Recharge -->
        <test-method is-config="true" signature="tearDown()[pri:0, instance:com.RCRM.tests.undrosTest@78aab498]" started-at="2022-08-15T16:19:59 IST" name="tearDown" finished-at="2022-08-15T16:19:59 IST" duration-ms="0" status="PASS">
          <reporter-output>
          </reporter-output>
        </test-method> <!-- tearDown -->
        <test-method is-config="true" signature="endTest()[pri:0, instance:com.RCRM.tests.undrosTest@78aab498]" started-at="2022-08-15T16:19:59 IST" name="endTest" finished-at="2022-08-15T16:20:00 IST" duration-ms="642" status="PASS">
          <reporter-output>
          </reporter-output>
        </test-method> <!-- endTest -->
      </class> <!-- com.RCRM.tests.undrosTest -->
    </test> <!-- Default test -->
  </suite> <!-- Default suite -->
</testng-results>
